<?xml version="1.0" encoding="UTF-8"?>
<!-- Generated by org.testng.reporters.JUnitXMLReporter -->
<testsuite ignored="0" hostname="DylanDesk" failures="1" tests="2" name="Error Validation Test" time="77.277" errors="0" timestamp="2025-11-17T12:54:27 PST">
  <testcase classname="dylantestingstuff.SeleniumFrameworkDesign.ErrorValidation" name="LoginErrorValidation" time="1.138"/>
  <testcase classname="dylantestingstuff.SeleniumFrameworkDesign.ErrorValidation" name="ProductErrorValidation" time="3.566">
    <failure type="java.lang.AssertionError" message="expected [false] but found [true]">
      <![CDATA[java.lang.AssertionError: expected [false] but found [true]
at dylantestingstuff.SeleniumFrameworkDesign.ErrorValidation.ProductErrorValidation(ErrorValidation.java:46)
at java.base/java.util.ArrayList.forEach(ArrayList.java:1596)
... Removed 29 stack frames]]>
    </failure>
  </testcase> <!-- ProductErrorValidation -->
</testsuite> <!-- Error Validation Test -->
