<?xml version="1.0" encoding="UTF-8"?>
<!-- Generated by org.testng.reporters.JUnitXMLReporter -->
<testsuite ignored="0" hostname="DylanDesk" failures="0" tests="2" name="Error Validation Test" time="16.028" errors="0" timestamp="2025-12-03T14:35:23 PST">
  <testcase classname="dylantestingstuff.SeleniumFrameworkDesign.ErrorValidation" name="LoginErrorValidation" time="0.813"/>
  <testcase classname="dylantestingstuff.SeleniumFrameworkDesign.ErrorValidation" name="ProductErrorValidation" time="3.147"/>
</testsuite> <!-- Error Validation Test -->
