<?xml version="1.0" encoding="UTF-8"?>
<!-- Generated by org.testng.reporters.JUnitXMLReporter -->
<testsuite ignored="0" hostname="DylanDesk" failures="1" tests="2" name="Error Validation Test" time="13.737" errors="0" timestamp="2026-01-08T14:42:57 PST">
  <testcase classname="dylantestingstuff.SeleniumFrameworkDesign.ErrorValidation" name="LoginErrorValidation" time="0.835"/>
  <testcase classname="dylantestingstuff.SeleniumFrameworkDesign.ErrorValidation" name="ProductErrorValidation" time="1.109">
    <failure type="java.lang.NullPointerException" message="Cannot invoke &amp;quot;org.openqa.selenium.WebElement.findElement(org.openqa.selenium.By)&amp;quot; because &amp;quot;prod&amp;quot; is null">
      <![CDATA[java.lang.NullPointerException: Cannot invoke "org.openqa.selenium.WebElement.findElement(org.openqa.selenium.By)" because "prod" is null
at pageobjects.ProductCatalogue.addProductToCart(ProductCatalogue.java:58)
at dylantestingstuff.SeleniumFrameworkDesign.ErrorValidation.ProductErrorValidation(ErrorValidation.java:42)
at java.base/java.util.ArrayList.forEach(ArrayList.java:1596)
at java.base/java.util.concurrent.FutureTask.run(FutureTask.java:317)
at java.base/java.util.concurrent.ThreadPoolExecutor.runWorker(ThreadPoolExecutor.java:1144)
at java.base/java.util.concurrent.ThreadPoolExecutor$Worker.run(ThreadPoolExecutor.java:642)
at java.base/java.lang.Thread.run(Thread.java:1583)
... Removed 15 stack frames]]>
    </failure>
  </testcase> <!-- ProductErrorValidation -->
</testsuite> <!-- Error Validation Test -->
