<?xml version="1.0" encoding="UTF-8"?>
<!-- Generated by org.testng.reporters.JUnitXMLReporter -->
<testsuite ignored="0" hostname="DylanDesk" failures="0" tests="2" name="Submit Order Test" time="17.866" errors="0" timestamp="2025-12-03T14:35:25 PST">
  <testcase classname="dylantestingstuff.SeleniumFrameworkDesign.SubmitOrderTest" name="submitOrder" time="4.313"/>
  <testcase classname="dylantestingstuff.SeleniumFrameworkDesign.SubmitOrderTest" name="OrderHistoryTest" time="1.417"/>
</testsuite> <!-- Submit Order Test -->
