<?xml version="1.0" encoding="UTF-8"?>
<testng-results ignored="0" total="4" passed="4" failed="0" skipped="0">
  <reporter-output>
  </reporter-output>
  <suite started-at="2025-12-03T14:35:07 PST" name="Suite" finished-at="2025-12-03T14:35:25 PST" duration-ms="17867">
    <groups>
      <group name="ErrorHandling">
        <method signature="ErrorValidation.LoginErrorValidation()[pri:0, instance:dylantestingstuff.SeleniumFrameworkDesign.ErrorValidation@65fb9ffc]" name="LoginErrorValidation" class="dylantestingstuff.SeleniumFrameworkDesign.ErrorValidation"/>
      </group> <!-- ErrorHandling -->
    </groups>
    <test started-at="2025-12-03T14:35:07 PST" name="Error Validation Test" finished-at="2025-12-03T14:35:23 PST" duration-ms="16028">
      <class name="dylantestingstuff.SeleniumFrameworkDesign.ErrorValidation">
        <test-method is-config="true" signature="launchApplication()[pri:0, instance:dylantestingstuff.SeleniumFrameworkDesign.ErrorValidation@65fb9ffc]" started-at="2025-12-03T14:35:07 PST" name="launchApplication" finished-at="2025-12-03T14:35:13 PST" duration-ms="6549" status="PASS">
          <reporter-output>
          </reporter-output>
        </test-method> <!-- launchApplication -->
        <test-method signature="LoginErrorValidation()[pri:0, instance:dylantestingstuff.SeleniumFrameworkDesign.ErrorValidation@65fb9ffc]" started-at="2025-12-03T14:35:13 PST" name="LoginErrorValidation" finished-at="2025-12-03T14:35:14 PST" duration-ms="813" status="PASS">
          <reporter-output>
          </reporter-output>
        </test-method> <!-- LoginErrorValidation -->
        <test-method is-config="true" signature="tearDown()[pri:0, instance:dylantestingstuff.SeleniumFrameworkDesign.ErrorValidation@65fb9ffc]" started-at="2025-12-03T14:35:14 PST" name="tearDown" finished-at="2025-12-03T14:35:15 PST" duration-ms="274" status="PASS">
          <reporter-output>
          </reporter-output>
        </test-method> <!-- tearDown -->
        <test-method is-config="true" signature="launchApplication()[pri:0, instance:dylantestingstuff.SeleniumFrameworkDesign.ErrorValidation@65fb9ffc]" started-at="2025-12-03T14:35:15 PST" name="launchApplication" finished-at="2025-12-03T14:35:19 PST" duration-ms="4864" status="PASS">
          <reporter-output>
          </reporter-output>
        </test-method> <!-- launchApplication -->
        <test-method signature="ProductErrorValidation()[pri:0, instance:dylantestingstuff.SeleniumFrameworkDesign.ErrorValidation@65fb9ffc]" started-at="2025-12-03T14:35:19 PST" name="ProductErrorValidation" finished-at="2025-12-03T14:35:23 PST" duration-ms="3147" status="PASS">
          <reporter-output>
          </reporter-output>
        </test-method> <!-- ProductErrorValidation -->
        <test-method is-config="true" signature="tearDown()[pri:0, instance:dylantestingstuff.SeleniumFrameworkDesign.ErrorValidation@65fb9ffc]" started-at="2025-12-03T14:35:23 PST" name="tearDown" finished-at="2025-12-03T14:35:23 PST" duration-ms="287" status="PASS">
          <reporter-output>
          </reporter-output>
        </test-method> <!-- tearDown -->
      </class> <!-- dylantestingstuff.SeleniumFrameworkDesign.ErrorValidation -->
    </test> <!-- Error Validation Test -->
    <test started-at="2025-12-03T14:35:07 PST" name="Submit Order Test" finished-at="2025-12-03T14:35:25 PST" duration-ms="17866">
      <class name="dylantestingstuff.SeleniumFrameworkDesign.SubmitOrderTest">
        <test-method is-config="true" signature="launchApplication()[pri:0, instance:dylantestingstuff.SeleniumFrameworkDesign.SubmitOrderTest@323b36e0]" started-at="2025-12-03T14:35:07 PST" name="launchApplication" finished-at="2025-12-03T14:35:14 PST" duration-ms="6699" status="PASS">
          <reporter-output>
          </reporter-output>
        </test-method> <!-- launchApplication -->
        <test-method signature="submitOrder()[pri:0, instance:dylantestingstuff.SeleniumFrameworkDesign.SubmitOrderTest@323b36e0]" started-at="2025-12-03T14:35:14 PST" name="submitOrder" finished-at="2025-12-03T14:35:18 PST" duration-ms="4313" status="PASS">
          <reporter-output>
          </reporter-output>
        </test-method> <!-- submitOrder -->
        <test-method is-config="true" signature="tearDown()[pri:0, instance:dylantestingstuff.SeleniumFrameworkDesign.SubmitOrderTest@323b36e0]" started-at="2025-12-03T14:35:18 PST" name="tearDown" finished-at="2025-12-03T14:35:18 PST" duration-ms="265" status="PASS">
          <reporter-output>
          </reporter-output>
        </test-method> <!-- tearDown -->
        <test-method is-config="true" signature="launchApplication()[pri:0, instance:dylantestingstuff.SeleniumFrameworkDesign.SubmitOrderTest@323b36e0]" started-at="2025-12-03T14:35:18 PST" name="launchApplication" finished-at="2025-12-03T14:35:23 PST" duration-ms="4821" status="PASS">
          <reporter-output>
          </reporter-output>
        </test-method> <!-- launchApplication -->
        <test-method signature="OrderHistoryTest()[pri:0, instance:dylantestingstuff.SeleniumFrameworkDesign.SubmitOrderTest@323b36e0]" started-at="2025-12-03T14:35:23 PST" name="OrderHistoryTest" finished-at="2025-12-03T14:35:24 PST" depends-on-methods="dylantestingstuff.SeleniumFrameworkDesign.SubmitOrderTest.submitOrder" duration-ms="1417" status="PASS">
          <reporter-output>
          </reporter-output>
        </test-method> <!-- OrderHistoryTest -->
        <test-method is-config="true" signature="tearDown()[pri:0, instance:dylantestingstuff.SeleniumFrameworkDesign.SubmitOrderTest@323b36e0]" started-at="2025-12-03T14:35:24 PST" name="tearDown" finished-at="2025-12-03T14:35:25 PST" duration-ms="258" status="PASS">
          <reporter-output>
          </reporter-output>
        </test-method> <!-- tearDown -->
      </class> <!-- dylantestingstuff.SeleniumFrameworkDesign.SubmitOrderTest -->
    </test> <!-- Submit Order Test -->
  </suite> <!-- Suite -->
</testng-results>
