<?xml version="1.0" encoding="UTF-8"?>
<testng-results ignored="0" total="4" passed="1" failed="2" skipped="1">
  <reporter-output>
  </reporter-output>
  <suite started-at="2026-01-08T14:42:43 PST" name="Suite" finished-at="2026-01-08T14:42:57 PST" duration-ms="13737">
    <groups>
      <group name="ErrorHandling">
        <method signature="ErrorValidation.LoginErrorValidation()[pri:0, instance:dylantestingstuff.SeleniumFrameworkDesign.ErrorValidation@22555ebf]" name="LoginErrorValidation" class="dylantestingstuff.SeleniumFrameworkDesign.ErrorValidation"/>
      </group> <!-- ErrorHandling -->
    </groups>
    <test started-at="2026-01-08T14:42:43 PST" name="Submit Order Test" finished-at="2026-01-08T14:42:51 PST" duration-ms="8018">
      <class name="dylantestingstuff.SeleniumFrameworkDesign.SubmitOrderTest">
        <test-method is-config="true" signature="launchApplication()[pri:0, instance:dylantestingstuff.SeleniumFrameworkDesign.SubmitOrderTest@5c5eefef]" started-at="2026-01-08T14:42:43 PST" name="launchApplication" finished-at="2026-01-08T14:42:50 PST" duration-ms="6392" status="PASS">
          <reporter-output>
          </reporter-output>
        </test-method> <!-- launchApplication -->
        <test-method signature="submitOrder()[pri:0, instance:dylantestingstuff.SeleniumFrameworkDesign.SubmitOrderTest@5c5eefef]" started-at="2026-01-08T14:42:50 PST" name="submitOrder" finished-at="2026-01-08T14:42:51 PST" duration-ms="1298" status="FAIL">
          <exception class="java.lang.NullPointerException">
            <message>
              <![CDATA[Cannot invoke "org.openqa.selenium.WebElement.findElement(org.openqa.selenium.By)" because "prod" is null]]>
            </message>
            <full-stacktrace>
              <![CDATA[java.lang.NullPointerException: Cannot invoke "org.openqa.selenium.WebElement.findElement(org.openqa.selenium.By)" because "prod" is null
at pageobjects.ProductCatalogue.addProductToCart(ProductCatalogue.java:58)
at dylantestingstuff.SeleniumFrameworkDesign.SubmitOrderTest.submitOrder(SubmitOrderTest.java:58)
at java.base/jdk.internal.reflect.DirectMethodHandleAccessor.invoke(DirectMethodHandleAccessor.java:103)
at java.base/java.lang.reflect.Method.invoke(Method.java:580)
at org.testng.internal.invokers.MethodInvocationHelper.invokeMethod(MethodInvocationHelper.java:141)
at org.testng.internal.invokers.TestInvoker.invokeMethod(TestInvoker.java:687)
at org.testng.internal.invokers.TestInvoker.invokeTestMethod(TestInvoker.java:230)
at org.testng.internal.invokers.MethodRunner.runInSequence(MethodRunner.java:63)
at org.testng.internal.invokers.TestInvoker$MethodInvocationAgent.invoke(TestInvoker.java:995)
at org.testng.internal.invokers.TestInvoker.invokeTestMethods(TestInvoker.java:203)
at org.testng.internal.invokers.TestMethodWorker.invokeTestMethods(TestMethodWorker.java:154)
at org.testng.internal.invokers.TestMethodWorker.run(TestMethodWorker.java:134)
at java.base/java.util.ArrayList.forEach(ArrayList.java:1596)
at org.testng.TestRunner.privateRun(TestRunner.java:741)
at org.testng.TestRunner.run(TestRunner.java:616)
at org.testng.SuiteRunner.runTest(SuiteRunner.java:421)
at org.testng.SuiteRunner$SuiteWorker.run(SuiteRunner.java:463)
at org.testng.internal.thread.ThreadUtil.lambda$execute$0(ThreadUtil.java:64)
at java.base/java.util.concurrent.FutureTask.run(FutureTask.java:317)
at java.base/java.util.concurrent.ThreadPoolExecutor.runWorker(ThreadPoolExecutor.java:1144)
at java.base/java.util.concurrent.ThreadPoolExecutor$Worker.run(ThreadPoolExecutor.java:642)
at java.base/java.lang.Thread.run(Thread.java:1583)
]]>
            </full-stacktrace>
          </exception> <!-- java.lang.NullPointerException -->
          <reporter-output>
          </reporter-output>
        </test-method> <!-- submitOrder -->
        <test-method is-config="true" signature="tearDown()[pri:0, instance:dylantestingstuff.SeleniumFrameworkDesign.SubmitOrderTest@5c5eefef]" started-at="2026-01-08T14:42:51 PST" name="tearDown" finished-at="2026-01-08T14:42:51 PST" duration-ms="243" status="PASS">
          <reporter-output>
          </reporter-output>
        </test-method> <!-- tearDown -->
        <test-method signature="OrderHistoryTest()[pri:0, instance:dylantestingstuff.SeleniumFrameworkDesign.SubmitOrderTest@5c5eefef]" started-at="2026-01-08T14:42:51 PST" name="OrderHistoryTest" finished-at="2026-01-08T14:42:51 PST" depends-on-methods="dylantestingstuff.SeleniumFrameworkDesign.SubmitOrderTest.submitOrder" duration-ms="0" status="SKIP">
          <exception class="java.lang.Throwable">
            <message>
              <![CDATA[Method dylantestingstuff.SeleniumFrameworkDesign.SubmitOrderTest.OrderHistoryTest() on instance dylantestingstuff.SeleniumFrameworkDesign.SubmitOrderTest@5c5eefef depends on not successfully finished methods 
[dylantestingstuff.SeleniumFrameworkDesign.SubmitOrderTest.submitOrder() on instance dylantestingstuff.SeleniumFrameworkDesign.SubmitOrderTest@5c5eefef]]]>
            </message>
            <full-stacktrace>
              <![CDATA[java.lang.Throwable: Method dylantestingstuff.SeleniumFrameworkDesign.SubmitOrderTest.OrderHistoryTest() on instance dylantestingstuff.SeleniumFrameworkDesign.SubmitOrderTest@5c5eefef depends on not successfully finished methods 
[dylantestingstuff.SeleniumFrameworkDesign.SubmitOrderTest.submitOrder() on instance dylantestingstuff.SeleniumFrameworkDesign.SubmitOrderTest@5c5eefef]
at org.testng.internal.invokers.TestInvoker.invokeTestMethods(TestInvoker.java:159)
at org.testng.internal.invokers.TestMethodWorker.invokeTestMethods(TestMethodWorker.java:154)
at org.testng.internal.invokers.TestMethodWorker.run(TestMethodWorker.java:134)
at java.base/java.util.ArrayList.forEach(ArrayList.java:1596)
at org.testng.TestRunner.privateRun(TestRunner.java:741)
at org.testng.TestRunner.run(TestRunner.java:616)
at org.testng.SuiteRunner.runTest(SuiteRunner.java:421)
at org.testng.SuiteRunner$SuiteWorker.run(SuiteRunner.java:463)
at org.testng.internal.thread.ThreadUtil.lambda$execute$0(ThreadUtil.java:64)
at java.base/java.util.concurrent.FutureTask.run(FutureTask.java:317)
at java.base/java.util.concurrent.ThreadPoolExecutor.runWorker(ThreadPoolExecutor.java:1144)
at java.base/java.util.concurrent.ThreadPoolExecutor$Worker.run(ThreadPoolExecutor.java:642)
at java.base/java.lang.Thread.run(Thread.java:1583)
]]>
            </full-stacktrace>
          </exception> <!-- java.lang.Throwable -->
          <reporter-output>
          </reporter-output>
        </test-method> <!-- OrderHistoryTest -->
      </class> <!-- dylantestingstuff.SeleniumFrameworkDesign.SubmitOrderTest -->
    </test> <!-- Submit Order Test -->
    <test started-at="2026-01-08T14:42:43 PST" name="Error Validation Test" finished-at="2026-01-08T14:42:57 PST" duration-ms="13737">
      <class name="dylantestingstuff.SeleniumFrameworkDesign.ErrorValidation">
        <test-method is-config="true" signature="launchApplication()[pri:0, instance:dylantestingstuff.SeleniumFrameworkDesign.ErrorValidation@22555ebf]" started-at="2026-01-08T14:42:43 PST" name="launchApplication" finished-at="2026-01-08T14:42:50 PST" duration-ms="6427" status="PASS">
          <reporter-output>
          </reporter-output>
        </test-method> <!-- launchApplication -->
        <test-method signature="LoginErrorValidation()[pri:0, instance:dylantestingstuff.SeleniumFrameworkDesign.ErrorValidation@22555ebf]" started-at="2026-01-08T14:42:50 PST" name="LoginErrorValidation" finished-at="2026-01-08T14:42:51 PST" duration-ms="835" status="PASS">
          <reporter-output>
          </reporter-output>
        </test-method> <!-- LoginErrorValidation -->
        <test-method is-config="true" signature="tearDown()[pri:0, instance:dylantestingstuff.SeleniumFrameworkDesign.ErrorValidation@22555ebf]" started-at="2026-01-08T14:42:51 PST" name="tearDown" finished-at="2026-01-08T14:42:51 PST" duration-ms="297" status="PASS">
          <reporter-output>
          </reporter-output>
        </test-method> <!-- tearDown -->
        <test-method is-config="true" signature="launchApplication()[pri:0, instance:dylantestingstuff.SeleniumFrameworkDesign.ErrorValidation@22555ebf]" started-at="2026-01-08T14:42:51 PST" name="launchApplication" finished-at="2026-01-08T14:42:56 PST" duration-ms="4853" status="PASS">
          <reporter-output>
          </reporter-output>
        </test-method> <!-- launchApplication -->
        <test-method signature="ProductErrorValidation()[pri:0, instance:dylantestingstuff.SeleniumFrameworkDesign.ErrorValidation@22555ebf]" started-at="2026-01-08T14:42:56 PST" name="ProductErrorValidation" finished-at="2026-01-08T14:42:57 PST" duration-ms="1109" status="FAIL">
          <exception class="java.lang.NullPointerException">
            <message>
              <![CDATA[Cannot invoke "org.openqa.selenium.WebElement.findElement(org.openqa.selenium.By)" because "prod" is null]]>
            </message>
            <full-stacktrace>
              <![CDATA[java.lang.NullPointerException: Cannot invoke "org.openqa.selenium.WebElement.findElement(org.openqa.selenium.By)" because "prod" is null
at pageobjects.ProductCatalogue.addProductToCart(ProductCatalogue.java:58)
at dylantestingstuff.SeleniumFrameworkDesign.ErrorValidation.ProductErrorValidation(ErrorValidation.java:42)
at java.base/jdk.internal.reflect.DirectMethodHandleAccessor.invoke(DirectMethodHandleAccessor.java:103)
at java.base/java.lang.reflect.Method.invoke(Method.java:580)
at org.testng.internal.invokers.MethodInvocationHelper.invokeMethod(MethodInvocationHelper.java:141)
at org.testng.internal.invokers.TestInvoker.invokeMethod(TestInvoker.java:687)
at org.testng.internal.invokers.TestInvoker.invokeTestMethod(TestInvoker.java:230)
at org.testng.internal.invokers.MethodRunner.runInSequence(MethodRunner.java:63)
at org.testng.internal.invokers.TestInvoker$MethodInvocationAgent.invoke(TestInvoker.java:995)
at org.testng.internal.invokers.TestInvoker.invokeTestMethods(TestInvoker.java:203)
at org.testng.internal.invokers.TestMethodWorker.invokeTestMethods(TestMethodWorker.java:154)
at org.testng.internal.invokers.TestMethodWorker.run(TestMethodWorker.java:134)
at java.base/java.util.ArrayList.forEach(ArrayList.java:1596)
at org.testng.TestRunner.privateRun(TestRunner.java:741)
at org.testng.TestRunner.run(TestRunner.java:616)
at org.testng.SuiteRunner.runTest(SuiteRunner.java:421)
at org.testng.SuiteRunner$SuiteWorker.run(SuiteRunner.java:463)
at org.testng.internal.thread.ThreadUtil.lambda$execute$0(ThreadUtil.java:64)
at java.base/java.util.concurrent.FutureTask.run(FutureTask.java:317)
at java.base/java.util.concurrent.ThreadPoolExecutor.runWorker(ThreadPoolExecutor.java:1144)
at java.base/java.util.concurrent.ThreadPoolExecutor$Worker.run(ThreadPoolExecutor.java:642)
at java.base/java.lang.Thread.run(Thread.java:1583)
]]>
            </full-stacktrace>
          </exception> <!-- java.lang.NullPointerException -->
          <reporter-output>
          </reporter-output>
        </test-method> <!-- ProductErrorValidation -->
        <test-method is-config="true" signature="tearDown()[pri:0, instance:dylantestingstuff.SeleniumFrameworkDesign.ErrorValidation@22555ebf]" started-at="2026-01-08T14:42:57 PST" name="tearDown" finished-at="2026-01-08T14:42:57 PST" duration-ms="136" status="PASS">
          <reporter-output>
          </reporter-output>
        </test-method> <!-- tearDown -->
      </class> <!-- dylantestingstuff.SeleniumFrameworkDesign.ErrorValidation -->
    </test> <!-- Error Validation Test -->
  </suite> <!-- Suite -->
</testng-results>
