<?xml version="1.0" encoding="UTF-8"?>
<testng-results ignored="0" total="1" passed="1" failed="0" skipped="0">
  <reporter-output>
  </reporter-output>
  <suite started-at="2025-12-10T13:47:39 PST" name="Default suite" finished-at="2025-12-10T13:47:53 PST" duration-ms="13818">
    <groups>
      <group name="cucumber">
        <method signature="AbstractTestNGCucumberTests.runScenario(io.cucumber.testng.PickleWrapper,io.cucumber.testng.FeatureWrapper)[pri:0, instance:dylantestingstuff.cucumber.TestNGTestRunner@587e5365]" name="runScenario" class="io.cucumber.testng.AbstractTestNGCucumberTests"/>
      </group> <!-- cucumber -->
    </groups>
    <test started-at="2025-12-10T13:47:39 PST" name="Default test" finished-at="2025-12-10T13:47:53 PST" duration-ms="13818">
      <class name="dylantestingstuff.cucumber.TestNGTestRunner">
        <test-method is-config="true" signature="setUpClass(org.testng.ITestContext)[pri:0, instance:dylantestingstuff.cucumber.TestNGTestRunner@587e5365]" started-at="2025-12-10T13:47:39 PST" name="setUpClass" finished-at="2025-12-10T13:47:39 PST" duration-ms="508" status="PASS">
          <params>
            <param index="0">
              <value>
                <![CDATA[org.testng.TestRunner@11d045b4]]>
              </value>
            </param>
          </params>
          <reporter-output>
          </reporter-output>
        </test-method> <!-- setUpClass -->
        <test-method signature="runScenario(io.cucumber.testng.PickleWrapper,io.cucumber.testng.FeatureWrapper)[pri:0, instance:dylantestingstuff.cucumber.TestNGTestRunner@587e5365]" started-at="2025-12-10T13:47:39 PST" name="runScenario" description="Runs Cucumber Scenarios" data-provider="scenarios" finished-at="2025-12-10T13:47:53 PST" duration-ms="13242" status="PASS">
          <params>
            <param index="0">
              <value>
                <![CDATA["Title Positive Test of Submitting the order"]]>
              </value>
            </param>
            <param index="1">
              <value>
                <![CDATA["Purchase the order from Ecommerce Website"]]>
              </value>
            </param>
          </params>
          <reporter-output>
          </reporter-output>
        </test-method> <!-- runScenario -->
        <test-method is-config="true" signature="tearDownClass()[pri:0, instance:dylantestingstuff.cucumber.TestNGTestRunner@587e5365]" started-at="2025-12-10T13:47:53 PST" name="tearDownClass" finished-at="2025-12-10T13:47:53 PST" duration-ms="32" status="PASS">
          <reporter-output>
          </reporter-output>
        </test-method> <!-- tearDownClass -->
      </class> <!-- dylantestingstuff.cucumber.TestNGTestRunner -->
    </test> <!-- Default test -->
  </suite> <!-- Default suite -->
</testng-results>
