<?xml version="1.0" encoding="UTF-8"?>
<!-- Generated by org.testng.reporters.JUnitReportReporter -->
<testsuite hostname="DylanDesk" failures="0" tests="2" name="dylantestingstuff.SeleniumFrameworkDesign.SubmitOrderTest" time="187.124" errors="0" timestamp="2025-11-17T14:20:17 PST" skipped="0">
  <testcase classname="dylantestingstuff.SeleniumFrameworkDesign.SubmitOrderTest" name="submitOrder" time="9.420"/>
  <testcase classname="dylantestingstuff.SeleniumFrameworkDesign.SubmitOrderTest" name="OrderHistoryTest" time="177.704"/>
</testsuite> <!-- dylantestingstuff.SeleniumFrameworkDesign.SubmitOrderTest -->
