<?xml version="1.0" encoding="UTF-8"?>
<!-- Generated by org.testng.reporters.JUnitReportReporter -->
<testsuite hostname="DylanDesk" failures="0" tests="2" name="dylantestingstuff.SeleniumFrameworkDesign.ErrorValidation" time="15.934" errors="0" timestamp="2025-12-03T14:35:25 PST" skipped="0">
  <testcase classname="dylantestingstuff.SeleniumFrameworkDesign.ErrorValidation" name="ProductErrorValidation" time="8.285"/>
  <testcase classname="dylantestingstuff.SeleniumFrameworkDesign.ErrorValidation" name="LoginErrorValidation" time="7.649"/>
</testsuite> <!-- dylantestingstuff.SeleniumFrameworkDesign.ErrorValidation -->
