<?xml version="1.0" encoding="UTF-8"?>
<!-- Generated by org.testng.reporters.JUnitReportReporter -->
<testsuite hostname="DylanDesk" failures="0" tests="2" name="dylantestingstuff.SeleniumFrameworkDesign.SubmitOrderTest" time="17.773" errors="0" timestamp="2025-12-03T14:35:25 PST" skipped="0">
  <testcase classname="dylantestingstuff.SeleniumFrameworkDesign.SubmitOrderTest" name="OrderHistoryTest" time="8.381"/>
  <testcase classname="dylantestingstuff.SeleniumFrameworkDesign.SubmitOrderTest" name="submitOrder" time="9.392"/>
</testsuite> <!-- dylantestingstuff.SeleniumFrameworkDesign.SubmitOrderTest -->
